<?xml version="1.0" encoding="UTF-8"?>
<!-- Generated by org.testng.reporters.JUnitXMLReporter -->
<testsuite hostname="DESKTOP-SP4L6T7" ignored="0" name="Regression" tests="2" failures="2" timestamp="10 Dec 2019 19:05:23 GMT" time="65.422" errors="0">
  <testcase name="TC_01_linenSareeScript" time="21.162" classname="com.framework.testscript.LinenSareesScripts">
    <failure type="java.lang.AssertionError" message="null">
      <![CDATA[java.lang.AssertionError: null
at com.framework.testscript.LinenSareesScripts.TC_01_linenSareeScript(LinenSareesScripts.java:38)
... Removed 26 stack frames]]>
    </failure>
  </testcase> <!-- TC_01_linenSareeScript -->
  <testcase name="TC_01_linenSareeScript" time="64.597" classname="com.framework.testscript.LinenSareesScripts">
    <failure type="java.lang.NoClassDefFoundError" message="org/apache/commons/io/FileUtils">
      <![CDATA[java.lang.NoClassDefFoundError: org/apache/commons/io/FileUtils
at com.framework.generic.CaptureScreenshot.onTestFailure(CaptureScreenshot.java:36)
Caused by: java.lang.ClassNotFoundException: org.apache.commons.io.FileUtils
at java.net.URLClassLoader.findClass(Unknown Source)
at java.lang.ClassLoader.loadClass(Unknown Source)
at sun.misc.Launcher$AppClassLoader.loadClass(Unknown Source)
at java.lang.ClassLoader.loadClass(Unknown Source)
... 22 more
... Removed 21 stack frames]]>
    </failure>
  </testcase> <!-- TC_01_linenSareeScript -->
</testsuite> <!-- Regression -->
