<?xml version="1.0" encoding="UTF-8"?>
<testng-results skipped="0" failed="1" ignored="0" total="1" passed="0">
  <reporter-output>
  </reporter-output>
  <suite name="Framework" duration-ms="82783" started-at="2019-12-10T22:08:52 IST" finished-at="2019-12-10T22:10:15 IST">
    <groups>
    </groups>
    <test name="Regression" duration-ms="82783" started-at="2019-12-10T22:08:52 IST" finished-at="2019-12-10T22:10:15 IST">
      <class name="com.framework.testscript.LinenSareesScripts">
        <test-method status="PASS" signature="openApp(java.lang.String)[pri:0, instance:com.framework.testscript.LinenSareesScripts@7b49cea0]" name="openApp" is-config="true" duration-ms="44536" started-at="2019-12-10T22:08:52 IST" finished-at="2019-12-10T22:09:37 IST">
          <params>
            <param index="0">
              <value>
                <![CDATA[chrome]]>
              </value>
            </param>
          </params>
          <reporter-output>
          </reporter-output>
        </test-method> <!-- openApp -->
        <test-method status="FAIL" signature="TC_01_linenSareeScript()[pri:0, instance:com.framework.testscript.LinenSareesScripts@7b49cea0]" name="TC_01_linenSareeScript" duration-ms="28723" started-at="2019-12-10T22:09:37 IST" finished-at="2019-12-10T22:10:06 IST">
          <exception class="java.lang.AssertionError">
            <message>
              <![CDATA[null]]>
            </message>
            <full-stacktrace>
              <![CDATA[java.lang.AssertionError: null
at org.testng.Assert.fail(Assert.java:97)
at org.testng.Assert.fail(Assert.java:102)
at com.framework.testscript.LinenSareesScripts.TC_01_linenSareeScript(LinenSareesScripts.java:38)
at sun.reflect.NativeMethodAccessorImpl.invoke0(Native Method)
at sun.reflect.NativeMethodAccessorImpl.invoke(Unknown Source)
at sun.reflect.DelegatingMethodAccessorImpl.invoke(Unknown Source)
at java.lang.reflect.Method.invoke(Unknown Source)
at org.testng.internal.MethodInvocationHelper.invokeMethod(MethodInvocationHelper.java:133)
at org.testng.internal.TestInvoker.invokeMethod(TestInvoker.java:584)
at org.testng.internal.TestInvoker.invokeTestMethod(TestInvoker.java:172)
at org.testng.internal.MethodRunner.runInSequence(MethodRunner.java:46)
at org.testng.internal.TestInvoker$MethodInvocationAgent.invoke(TestInvoker.java:804)
at org.testng.internal.TestInvoker.invokeTestMethods(TestInvoker.java:145)
at org.testng.internal.TestMethodWorker.invokeTestMethods(TestMethodWorker.java:146)
at org.testng.internal.TestMethodWorker.run(TestMethodWorker.java:128)
at java.util.ArrayList.forEach(Unknown Source)
at org.testng.TestRunner.privateRun(TestRunner.java:770)
at org.testng.TestRunner.run(TestRunner.java:591)
at org.testng.SuiteRunner.runTest(SuiteRunner.java:402)
at org.testng.SuiteRunner.runSequentially(SuiteRunner.java:396)
at org.testng.SuiteRunner.privateRun(SuiteRunner.java:355)
at org.testng.SuiteRunner.run(SuiteRunner.java:304)
at org.testng.SuiteRunnerWorker.runSuite(SuiteRunnerWorker.java:53)
at org.testng.SuiteRunnerWorker.run(SuiteRunnerWorker.java:96)
at org.testng.TestNG.runSuitesSequentially(TestNG.java:1180)
at org.testng.TestNG.runSuitesLocally(TestNG.java:1102)
at org.testng.TestNG.runSuites(TestNG.java:1032)
at org.testng.TestNG.run(TestNG.java:1000)
at org.testng.remote.AbstractRemoteTestNG.run(AbstractRemoteTestNG.java:115)
at org.testng.remote.RemoteTestNG.initAndRun(RemoteTestNG.java:251)
at org.testng.remote.RemoteTestNG.main(RemoteTestNG.java:77)
]]>
            </full-stacktrace>
          </exception> <!-- java.lang.AssertionError -->
          <reporter-output>
          </reporter-output>
        </test-method> <!-- TC_01_linenSareeScript -->
        <test-method status="PASS" signature="closeApp()[pri:0, instance:com.framework.testscript.LinenSareesScripts@7b49cea0]" name="closeApp" is-config="true" duration-ms="5138" started-at="2019-12-10T22:10:10 IST" finished-at="2019-12-10T22:10:15 IST">
          <reporter-output>
          </reporter-output>
        </test-method> <!-- closeApp -->
      </class> <!-- com.framework.testscript.LinenSareesScripts -->
    </test> <!-- Regression -->
  </suite> <!-- Framework -->
</testng-results>
